kotlin version: 2.0.21
error message: org.jetbrains.kotlin.backend.common.BackendException: Backend Internal error: Exception during IR lowering
File being compiled: C:/Users/jor05/AndroidStudioProjects/ProyectoPDM115Grupo3/app/src/main/java/ues/pdm115/proyectopdm115grupo3/login/LoginUser.kt
The root cause java.lang.RuntimeException was thrown at: org.jetbrains.kotlin.backend.jvm.codegen.FunctionCodegen.generate(FunctionCodegen.kt:47)
	at org.jetbrains.kotlin.backend.common.CodegenUtil.reportBackendException(CodegenUtil.kt:253)
	at org.jetbrains.kotlin.backend.common.CodegenUtil.reportBackendException$default(CodegenUtil.kt:236)
	at org.jetbrains.kotlin.backend.common.phaser.PerformByIrFilePhase.invokeSequential(performByIrFile.kt:65)
	at org.jetbrains.kotlin.backend.common.phaser.PerformByIrFilePhase.invoke(performByIrFile.kt:52)
	at org.jetbrains.kotlin.backend.common.phaser.PerformByIrFilePhase.invoke(performByIrFile.kt:38)
	at org.jetbrains.kotlin.backend.common.phaser.NamedCompilerPhase.phaseBody(CompilerPhase.kt:166)
	at org.jetbrains.kotlin.backend.common.phaser.AbstractNamedCompilerPhase.invoke(CompilerPhase.kt:113)
	at org.jetbrains.kotlin.backend.common.phaser.CompositePhase.invoke(PhaseBuilders.kt:27)
	at org.jetbrains.kotlin.backend.common.phaser.CompositePhase.invoke(PhaseBuilders.kt:14)
	at org.jetbrains.kotlin.backend.common.phaser.NamedCompilerPhase.phaseBody(CompilerPhase.kt:166)
	at org.jetbrains.kotlin.backend.common.phaser.AbstractNamedCompilerPhase.invoke(CompilerPhase.kt:113)
	at org.jetbrains.kotlin.backend.common.phaser.CompilerPhaseKt.invokeToplevel(CompilerPhase.kt:62)
	at org.jetbrains.kotlin.backend.jvm.JvmIrCodegenFactory.invokeCodegen(JvmIrCodegenFactory.kt:371)
	at org.jetbrains.kotlin.codegen.CodegenFactory.generateModule(CodegenFactory.kt:47)
	at org.jetbrains.kotlin.backend.jvm.JvmIrCodegenFactory.generateModuleInFrontendIRMode(JvmIrCodegenFactory.kt:433)
	at org.jetbrains.kotlin.cli.jvm.compiler.pipeline.JvmCompilerPipelineKt.generateCodeFromIr(jvmCompilerPipeline.kt:246)
	at org.jetbrains.kotlin.cli.jvm.compiler.pipeline.JvmCompilerPipelineKt.compileModulesUsingFrontendIrAndLightTree(jvmCompilerPipeline.kt:142)
	at org.jetbrains.kotlin.cli.jvm.K2JVMCompiler.doExecute(K2JVMCompiler.kt:148)
	at org.jetbrains.kotlin.cli.jvm.K2JVMCompiler.doExecute(K2JVMCompiler.kt:43)
	at org.jetbrains.kotlin.cli.common.CLICompiler.execImpl(CLICompiler.kt:103)
	at org.jetbrains.kotlin.cli.common.CLICompiler.execImpl(CLICompiler.kt:49)
	at org.jetbrains.kotlin.cli.common.CLITool.exec(CLITool.kt:101)
	at org.jetbrains.kotlin.incremental.IncrementalJvmCompilerRunner.runCompiler(IncrementalJvmCompilerRunner.kt:464)
	at org.jetbrains.kotlin.incremental.IncrementalJvmCompilerRunner.runCompiler(IncrementalJvmCompilerRunner.kt:73)
	at org.jetbrains.kotlin.incremental.IncrementalCompilerRunner.doCompile(IncrementalCompilerRunner.kt:506)
	at org.jetbrains.kotlin.incremental.IncrementalCompilerRunner.compileImpl(IncrementalCompilerRunner.kt:423)
	at org.jetbrains.kotlin.incremental.IncrementalCompilerRunner.tryCompileIncrementally$lambda$9$compile(IncrementalCompilerRunner.kt:249)
	at org.jetbrains.kotlin.incremental.IncrementalCompilerRunner.tryCompileIncrementally(IncrementalCompilerRunner.kt:267)
	at org.jetbrains.kotlin.incremental.IncrementalCompilerRunner.compile(IncrementalCompilerRunner.kt:120)
	at org.jetbrains.kotlin.daemon.CompileServiceImplBase.execIncrementalCompiler(CompileServiceImpl.kt:675)
	at org.jetbrains.kotlin.daemon.CompileServiceImplBase.access$execIncrementalCompiler(CompileServiceImpl.kt:92)
	at org.jetbrains.kotlin.daemon.CompileServiceImpl.compile(CompileServiceImpl.kt:1660)
	at java.base/jdk.internal.reflect.DirectMethodHandleAccessor.invoke(Unknown Source)
	at java.base/java.lang.reflect.Method.invoke(Unknown Source)
	at java.rmi/sun.rmi.server.UnicastServerRef.dispatch(Unknown Source)
	at java.rmi/sun.rmi.transport.Transport$1.run(Unknown Source)
	at java.rmi/sun.rmi.transport.Transport$1.run(Unknown Source)
	at java.base/java.security.AccessController.doPrivileged(Unknown Source)
	at java.rmi/sun.rmi.transport.Transport.serviceCall(Unknown Source)
	at java.rmi/sun.rmi.transport.tcp.TCPTransport.handleMessages(Unknown Source)
	at java.rmi/sun.rmi.transport.tcp.TCPTransport$ConnectionHandler.run0(Unknown Source)
	at java.rmi/sun.rmi.transport.tcp.TCPTransport$ConnectionHandler.lambda$run$0(Unknown Source)
	at java.base/java.security.AccessController.doPrivileged(Unknown Source)
	at java.rmi/sun.rmi.transport.tcp.TCPTransport$ConnectionHandler.run(Unknown Source)
	at java.base/java.util.concurrent.ThreadPoolExecutor.runWorker(Unknown Source)
	at java.base/java.util.concurrent.ThreadPoolExecutor$Worker.run(Unknown Source)
	at java.base/java.lang.Thread.run(Unknown Source)
Caused by: java.lang.RuntimeException: Exception while generating code for:
FUN LOCAL_FUNCTION_FOR_LAMBDA name:onViewCreated$lambda$5 visibility:private modality:FINAL <> (this$0:ues.pdm115.proyectopdm115grupo3.login.LoginUser, result:ues.pdm115.proyectopdm115grupo3.models.UsuarioAuthResponse?) returnType:kotlin.Unit
  VALUE_PARAMETER BOUND_VALUE_PARAMETER name:this$0 index:0 type:ues.pdm115.proyectopdm115grupo3.login.LoginUser
  VALUE_PARAMETER name:result index:1 type:ues.pdm115.proyectopdm115grupo3.models.UsuarioAuthResponse?
  BLOCK_BODY
    COMPOSITE type=kotlin.Unit origin=null
      CALL 'public final fun launch$default (context: kotlin.coroutines.CoroutineContext?, start: kotlinx.coroutines.CoroutineStart?, block: @[ExtensionFunctionType] kotlin.coroutines.SuspendFunction1<kotlinx.coroutines.CoroutineScope, kotlin.Unit>, $mask0: kotlin.Int, $handler: kotlin.Any?): kotlinx.coroutines.Job declared in kotlinx.coroutines.BuildersKt' type=kotlinx.coroutines.Job origin=DEFAULT_DISPATCH_CALL
        $receiver: CALL 'public final fun <get-lifecycleScope> (): androidx.lifecycle.LifecycleCoroutineScope declared in androidx.lifecycle.LifecycleOwnerKt' type=androidx.lifecycle.LifecycleCoroutineScope origin=GET_PROPERTY
          $receiver: GET_VAR 'this$0: ues.pdm115.proyectopdm115grupo3.login.LoginUser declared in ues.pdm115.proyectopdm115grupo3.login.LoginUser.onViewCreated$lambda$5' type=ues.pdm115.proyectopdm115grupo3.login.LoginUser origin=null
        context: COMPOSITE type=kotlin.coroutines.CoroutineContext? origin=DEFAULT_VALUE
          CONST Null type=kotlin.coroutines.CoroutineContext? value=null
        start: COMPOSITE type=kotlinx.coroutines.CoroutineStart? origin=DEFAULT_VALUE
          CONST Null type=kotlinx.coroutines.CoroutineStart? value=null
        block: BLOCK type=ues.pdm115.proyectopdm115grupo3.login.LoginUser.onViewCreated$lambda$5.<no name provided> origin=null
          CLASS SUSPEND_LAMBDA CLASS name:<no name provided> modality:FINAL visibility:public/*package*/ superTypes:[kotlin.coroutines.jvm.internal.SuspendLambda; kotlin.jvm.functions.Function2<kotlinx.coroutines.CoroutineScope, kotlin.coroutines.Continuation<kotlin.Unit>?, kotlin.Any?>]
            $this: VALUE_PARAMETER INSTANCE_RECEIVER name:<this> type:ues.pdm115.proyectopdm115grupo3.login.LoginUser.onViewCreated$lambda$5.<no name provided>
            FIELD name:label type:kotlin.Int visibility:public/*package*/
            CONSTRUCTOR SUSPEND_LAMBDA visibility:public/*package*/ <> ($result:ues.pdm115.proyectopdm115grupo3.models.UsuarioAuthResponse?, this$0:ues.pdm115.proyectopdm115grupo3.login.LoginUser, $completion:kotlin.coroutines.Continuation<ues.pdm115.proyectopdm115grupo3.login.LoginUser.onViewCreated$lambda$5.<no name provided>>?) returnType:ues.pdm115.proyectopdm115grupo3.login.LoginUser.onViewCreated$lambda$5.<no name provided> [primary]
              VALUE_PARAMETER BOUND_VALUE_PARAMETER name:$result index:0 type:ues.pdm115.proyectopdm115grupo3.models.UsuarioAuthResponse?
              VALUE_PARAMETER BOUND_RECEIVER_PARAMETER name:this$0 index:1 type:ues.pdm115.proyectopdm115grupo3.login.LoginUser
              VALUE_PARAMETER name:$completion index:2 type:kotlin.coroutines.Continuation<ues.pdm115.proyectopdm115grupo3.login.LoginUser.onViewCreated$lambda$5.<no name provided>>?
              BLOCK_BODY
                SET_FIELD 'FIELD FIELD_FOR_CAPTURED_VALUE name:$result type:ues.pdm115.proyectopdm115grupo3.models.UsuarioAuthResponse? visibility:public/*package*/ [final] declared in ues.pdm115.proyectopdm115grupo3.login.LoginUser.onViewCreated$lambda$5.<no name provided>' type=kotlin.Unit origin=INITIALIZER_OF_FIELD_FOR_CAPTURED_VALUE
                  receiver: GET_VAR '<this>: ues.pdm115.proyectopdm115grupo3.login.LoginUser.onViewCreated$lambda$5.<no name provided> declared in ues.pdm115.proyectopdm115grupo3.login.LoginUser.onViewCreated$lambda$5.<no name provided>' type=ues.pdm115.proyectopdm115grupo3.login.LoginUser.onViewCreated$lambda$5.<no name provided> origin=null
                  value: GET_VAR '$result: ues.pdm115.proyectopdm115grupo3.models.UsuarioAuthResponse? declared in ues.pdm115.proyectopdm115grupo3.login.LoginUser.onViewCreated$lambda$5.<no name provided>.<init>' type=ues.pdm115.proyectopdm115grupo3.models.UsuarioAuthResponse? origin=null
                SET_FIELD 'FIELD FIELD_FOR_CAPTURED_VALUE name:this$0 type:ues.pdm115.proyectopdm115grupo3.login.LoginUser visibility:public/*package*/ [final] declared in ues.pdm115.proyectopdm115grupo3.login.LoginUser.onViewCreated$lambda$5.<no name provided>' type=kotlin.Unit origin=INITIALIZER_OF_FIELD_FOR_CAPTURED_VALUE
                  receiver: GET_VAR '<this>: ues.pdm115.proyectopdm115grupo3.login.LoginUser.onViewCreated$lambda$5.<no name provided> declared in ues.pdm115.proyectopdm115grupo3.login.LoginUser.onViewCreated$lambda$5.<no name provided>' type=ues.pdm115.proyectopdm115grupo3.login.LoginUser.onViewCreated$lambda$5.<no name provided> origin=null
                  value: GET_VAR 'this$0: ues.pdm115.proyectopdm115grupo3.login.LoginUser declared in ues.pdm115.proyectopdm115grupo3.login.LoginUser.onViewCreated$lambda$5.<no name provided>.<init>' type=ues.pdm115.proyectopdm115grupo3.login.LoginUser origin=null
                DELEGATING_CONSTRUCTOR_CALL 'public constructor <init> (arity: kotlin.Int, $completion: kotlin.coroutines.Continuation<kotlin.Any?>?) declared in kotlin.coroutines.jvm.internal.SuspendLambda'
                  arity: CONST Int type=kotlin.Int value=2
                  $completion: GET_VAR '$completion: kotlin.coroutines.Continuation<ues.pdm115.proyectopdm115grupo3.login.LoginUser.onViewCreated$lambda$5.<no name provided>>? declared in ues.pdm115.proyectopdm115grupo3.login.LoginUser.onViewCreated$lambda$5.<no name provided>.<init>' type=kotlin.coroutines.Continuation<ues.pdm115.proyectopdm115grupo3.login.LoginUser.onViewCreated$lambda$5.<no name provided>>? origin=null
                BLOCK type=kotlin.Unit origin=null
            FUN name:invokeSuspend visibility:public modality:FINAL <> ($this:ues.pdm115.proyectopdm115grupo3.login.LoginUser.onViewCreated$lambda$5.<no name provided>, $result:kotlin.Result<kotlin.Any?>) returnType:kotlin.Any?
              overridden:
                protected abstract fun invokeSuspend ($result: kotlin.Result<kotlin.Any?>): kotlin.Any? declared in kotlin.coroutines.jvm.internal.SuspendLambda
              $this: VALUE_PARAMETER INSTANCE_RECEIVER name:<this> type:ues.pdm115.proyectopdm115grupo3.login.LoginUser.onViewCreated$lambda$5.<no name provided>
              VALUE_PARAMETER name:$result index:0 type:kotlin.Result<kotlin.Any?>
              BLOCK_BODY
                WHEN type=kotlin.Unit origin=IF
                  BRANCH
                    if: CALL 'public final fun not (): kotlin.Boolean [operator] declared in kotlin.Boolean' type=kotlin.Boolean origin=EXCLEQ
                      $this: CALL 'public final fun EQEQ (arg0: kotlin.Any?, arg1: kotlin.Any?): kotlin.Boolean declared in kotlin.internal.ir' type=kotlin.Boolean origin=EXCLEQ
                        arg0: GET_FIELD 'FIELD FIELD_FOR_CAPTURED_VALUE name:$result type:ues.pdm115.proyectopdm115grupo3.models.UsuarioAuthResponse? visibility:public/*package*/ [final] declared in ues.pdm115.proyectopdm115grupo3.login.LoginUser.onViewCreated$lambda$5.<no name provided>' type=ues.pdm115.proyectopdm115grupo3.models.UsuarioAuthResponse? origin=null
                          receiver: GET_VAR '<this>: ues.pdm115.proyectopdm115grupo3.login.LoginUser.onViewCreated$lambda$5.<no name provided> declared in ues.pdm115.proyectopdm115grupo3.login.LoginUser.onViewCreated$lambda$5.<no name provided>.invokeSuspend' type=ues.pdm115.proyectopdm115grupo3.login.LoginUser.onViewCreated$lambda$5.<no name provided> origin=null
                        arg1: CONST Null type=kotlin.Nothing? value=null
                    then: BLOCK type=kotlin.Unit origin=null
                      CALL 'public open fun setVisibility (p0: kotlin.Int): kotlin.Unit [fake_override] declared in android.widget.LinearLayout' type=kotlin.Unit origin=EQ
                        $this: GET_FIELD 'FIELD IR_EXTERNAL_JAVA_DECLARATION_STUB name:containerMessage type:@[EnhancedNullability] android.widget.LinearLayout visibility:public [final] declared in ues.pdm115.proyectopdm115grupo3.databinding.FragmentLoginUserBinding' type=@[EnhancedNullability] android.widget.LinearLayout superQualifierSymbol=ues.pdm115.proyectopdm115grupo3.databinding.FragmentLoginUserBinding origin=null
                          receiver: CALL 'public final fun access$getBinding ($this: ues.pdm115.proyectopdm115grupo3.login.LoginUser): ues.pdm115.proyectopdm115grupo3.databinding.FragmentLoginUserBinding declared in ues.pdm115.proyectopdm115grupo3.login.LoginUser' type=ues.pdm115.proyectopdm115grupo3.databinding.FragmentLoginUserBinding origin=GET_PROPERTY
                            $this: GET_FIELD 'FIELD FIELD_FOR_CAPTURED_VALUE name:this$0 type:ues.pdm115.proyectopdm115grupo3.login.LoginUser visibility:public/*package*/ [final] declared in ues.pdm115.proyectopdm115grupo3.login.LoginUser.onViewCreated$lambda$5.<no name provided>' type=ues.pdm115.proyectopdm115grupo3.login.LoginUser origin=null
                              receiver: GET_VAR '<this>: ues.pdm115.proyectopdm115grupo3.login.LoginUser.onViewCreated$lambda$5.<no name provided> declared in ues.pdm115.proyectopdm115grupo3.login.LoginUser.onViewCreated$lambda$5.<no name provided>.invokeSuspend' type=ues.pdm115.proyectopdm115grupo3.login.LoginUser.onViewCreated$lambda$5.<no name provided> origin=null
                        p0: CONST Int type=kotlin.Int value=0
                      CALL 'public final fun setText (p0: @[FlexibleNullability] kotlin.CharSequence?): kotlin.Unit declared in android.widget.TextView' type=kotlin.Unit origin=EQ
                        $this: GET_FIELD 'FIELD IR_EXTERNAL_JAVA_DECLARATION_STUB name:txtMessage type:@[EnhancedNullability] android.widget.TextView visibility:public [final] declared in ues.pdm115.proyectopdm115grupo3.databinding.FragmentLoginUserBinding' type=@[EnhancedNullability] android.widget.TextView superQualifierSymbol=ues.pdm115.proyectopdm115grupo3.databinding.FragmentLoginUserBinding origin=null
                          receiver: CALL 'public final fun access$getBinding ($this: ues.pdm115.proyectopdm115grupo3.login.LoginUser): ues.pdm115.proyectopdm115grupo3.databinding.FragmentLoginUserBinding declared in ues.pdm115.proyectopdm115grupo3.login.LoginUser' type=ues.pdm115.proyectopdm115grupo3.databinding.FragmentLoginUserBinding origin=GET_PROPERTY
                            $this: GET_FIELD 'FIELD FIELD_FOR_CAPTURED_VALUE name:this$0 type:ues.pdm115.proyectopdm115grupo3.login.LoginUser visibility:public/*package*/ [final] declared in ues.pdm115.proyectopdm115grupo3.login.LoginUser.onViewCreated$lambda$5.<no name provided>' type=ues.pdm115.proyectopdm115grupo3.login.LoginUser origin=null
                              receiver: GET_VAR '<this>: ues.pdm115.proyectopdm115grupo3.login.LoginUser.onViewCreated$lambda$5.<no name provided> declared in ues.pdm115.proyectopdm115grupo3.login.LoginUser.onViewCreated$lambda$5.<no name provided>.invokeSuspend' type=ues.pdm115.proyectopdm115grupo3.login.LoginUser.onViewCreated$lambda$5.<no name provided> origin=null
                        p0: CALL 'public final fun <get-mensaje> (): kotlin.String declared in ues.pdm115.proyectopdm115grupo3.models.UsuarioAuthResponse' type=kotlin.String origin=GET_PROPERTY
                          $this: GET_FIELD 'FIELD FIELD_FOR_CAPTURED_VALUE name:$result type:ues.pdm115.proyectopdm115grupo3.models.UsuarioAuthResponse? visibility:public/*package*/ [final] declared in ues.pdm115.proyectopdm115grupo3.login.LoginUser.onViewCreated$lambda$5.<no name provided>' type=ues.pdm115.proyectopdm115grupo3.models.UsuarioAuthResponse? origin=null
                            receiver: GET_VAR '<this>: ues.pdm115.proyectopdm115grupo3.login.LoginUser.onViewCreated$lambda$5.<no name provided> declared in ues.pdm115.proyectopdm115grupo3.login.LoginUser.onViewCreated$lambda$5.<no name provided>.invokeSuspend' type=ues.pdm115.proyectopdm115grupo3.login.LoginUser.onViewCreated$lambda$5.<no name provided> origin=null
                      CALL 'public open fun setTextSize (p0: kotlin.Int, p1: kotlin.Float): kotlin.Unit declared in android.widget.TextView' type=kotlin.Unit origin=null
                        $this: GET_FIELD 'FIELD IR_EXTERNAL_JAVA_DECLARATION_STUB name:txtMessage type:@[EnhancedNullability] android.widget.TextView visibility:public [final] declared in ues.pdm115.proyectopdm115grupo3.databinding.FragmentLoginUserBinding' type=@[EnhancedNullability] android.widget.TextView superQualifierSymbol=ues.pdm115.proyectopdm115grupo3.databinding.FragmentLoginUserBinding origin=null
                          receiver: CALL 'public final fun access$getBinding ($this: ues.pdm115.proyectopdm115grupo3.login.LoginUser): ues.pdm115.proyectopdm115grupo3.databinding.FragmentLoginUserBinding declared in ues.pdm115.proyectopdm115grupo3.login.LoginUser' type=ues.pdm115.proyectopdm115grupo3.databinding.FragmentLoginUserBinding origin=GET_PROPERTY
                            $this: GET_FIELD 'FIELD FIELD_FOR_CAPTURED_VALUE name:this$0 type:ues.pdm115.proyectopdm115grupo3.login.LoginUser visibility:public/*package*/ [final] declared in ues.pdm115.proyectopdm115grupo3.login.LoginUser.onViewCreated$lambda$5.<no name provided>' type=ues.pdm115.proyectopdm115grupo3.login.LoginUser origin=null
                              receiver: GET_VAR '<this>: ues.pdm115.proyectopdm115grupo3.login.LoginUser.onViewCreated$lambda$5.<no name provided> declared in ues.pdm115.proyectopdm115grupo3.login.LoginUser.onViewCreated$lambda$5.<no name provided>.invokeSuspend' type=ues.pdm115.proyectopdm115grupo3.login.LoginUser.onViewCreated$lambda$5.<no name provided> origin=null
                        p0: CONST Int type=kotlin.Int value=2
                        p1: CONST Float type=kotlin.Float value=32.0
                      CALL 'public open fun show (): kotlin.Unit declared in android.widget.Toast' type=kotlin.Unit origin=null
                        $this: CALL 'public open fun makeText (p0: @[FlexibleNullability] android.content.Context?, p1: @[FlexibleNullability] kotlin.CharSequence?, p2: kotlin.Int): @[FlexibleNullability] android.widget.Toast? declared in android.widget.Toast' type=@[FlexibleNullability] android.widget.Toast? origin=null
                          p0: CALL 'public final fun requireContext (): @[EnhancedNullability] android.content.Context [fake_override] declared in ues.pdm115.proyectopdm115grupo3.login.LoginUser' type=@[EnhancedNullability] android.content.Context origin=null
                            $this: GET_FIELD 'FIELD FIELD_FOR_CAPTURED_VALUE name:this$0 type:ues.pdm115.proyectopdm115grupo3.login.LoginUser visibility:public/*package*/ [final] declared in ues.pdm115.proyectopdm115grupo3.login.LoginUser.onViewCreated$lambda$5.<no name provided>' type=ues.pdm115.proyectopdm115grupo3.login.LoginUser origin=null
                              receiver: GET_VAR '<this>: ues.pdm115.proyectopdm115grupo3.login.LoginUser.onViewCreated$lambda$5.<no name provided> declared in ues.pdm115.proyectopdm115grupo3.login.LoginUser.onViewCreated$lambda$5.<no name provided>.invokeSuspend' type=ues.pdm115.proyectopdm115grupo3.login.LoginUser.onViewCreated$lambda$5.<no name provided> origin=null
                          p1: STRING_CONCATENATION type=kotlin.String
                            CONST String type=kotlin.String value="Bienvenido "
                            CALL 'public final fun <get-nombre> (): kotlin.String declared in ues.pdm115.proyectopdm115grupo3.models.UsuarioAuth' type=kotlin.String origin=GET_PROPERTY
                              $this: CALL 'public final fun <get-data> (): ues.pdm115.proyectopdm115grupo3.models.UsuarioAuth declared in ues.pdm115.proyectopdm115grupo3.models.UsuarioAuthResponse' type=ues.pdm115.proyectopdm115grupo3.models.UsuarioAuth origin=GET_PROPERTY
                                $this: GET_FIELD 'FIELD FIELD_FOR_CAPTURED_VALUE name:$result type:ues.pdm115.proyectopdm115grupo3.models.UsuarioAuthResponse? visibility:public/*package*/ [final] declared in ues.pdm115.proyectopdm115grupo3.login.LoginUser.onViewCreated$lambda$5.<no name provided>' type=ues.pdm115.proyectopdm115grupo3.models.UsuarioAuthResponse? origin=null
                                  receiver: GET_VAR '<this>: ues.pdm115.proyectopdm115grupo3.login.LoginUser.onViewCreated$lambda$5.<no name provided> declared in ues.pdm115.proyectopdm115grupo3.login.LoginUser.onViewCreated$lambda$5.<no name provided>.invokeSuspend' type=ues.pdm115.proyectopdm115grupo3.login.LoginUser.onViewCreated$lambda$5.<no name provided> origin=null
                          p2: CONST Int type=kotlin.Int value=1
                      CALL 'public final fun saveUsername (context: android.content.Context, username: kotlin.String, $completion: kotlin.coroutines.Continuation<kotlin.Unit>): kotlin.Any? [suspend] declared in ues.pdm115.proyectopdm115grupo3.DataStoreManager' type=kotlin.Unit origin=null
                        $this: GET_FIELD 'FIELD FIELD_FOR_OBJECT_INSTANCE name:INSTANCE type:ues.pdm115.proyectopdm115grupo3.DataStoreManager visibility:public [final,static] declared in ues.pdm115.proyectopdm115grupo3.DataStoreManager' type=ues.pdm115.proyectopdm115grupo3.DataStoreManager origin=null
                        context: BLOCK type=android.content.Context origin=null
                          VAR IR_TEMPORARY_VARIABLE name:tmp0 type:kotlin.Any? [val]
                            CALL 'public final fun requireContext (): @[EnhancedNullability] android.content.Context [fake_override] declared in ues.pdm115.proyectopdm115grupo3.login.LoginUser' type=@[EnhancedNullability] android.content.Context origin=null
                              $this: GET_FIELD 'FIELD FIELD_FOR_CAPTURED_VALUE name:this$0 type:ues.pdm115.proyectopdm115grupo3.login.LoginUser visibility:public/*package*/ [final] declared in ues.pdm115.proyectopdm115grupo3.login.LoginUser.onViewCreated$lambda$5.<no name provided>' type=ues.pdm115.proyectopdm115grupo3.login.LoginUser origin=null
                                receiver: GET_VAR '<this>: ues.pdm115.proyectopdm115grupo3.login.LoginUser.onViewCreated$lambda$5.<no name provided> declared in ues.pdm115.proyectopdm115grupo3.login.LoginUser.onViewCreated$lambda$5.<no name provided>.invokeSuspend' type=ues.pdm115.proyectopdm115grupo3.login.LoginUser.onViewCreated$lambda$5.<no name provided> origin=null
                          CALL 'public final fun checkNotNullExpressionValue (value: kotlin.Any?, expression: kotlin.String): kotlin.Unit declared in kotlin.jvm.internal.Intrinsics' type=kotlin.Unit origin=null
                            value: GET_VAR 'val tmp0: kotlin.Any? [val] declared in ues.pdm115.proyectopdm115grupo3.login.LoginUser.onViewCreated$lambda$5.<no name provided>.invokeSuspend' type=kotlin.Any? origin=null
                            expression: CONST String type=kotlin.String value="requireContext(...)"
                          GET_VAR 'val tmp0: kotlin.Any? [val] declared in ues.pdm115.proyectopdm115grupo3.login.LoginUser.onViewCreated$lambda$5.<no name provided>.invokeSuspend' type=kotlin.Any? origin=null
                        username: CALL 'public final fun <get-nombre> (): kotlin.String declared in ues.pdm115.proyectopdm115grupo3.models.UsuarioAuth' type=kotlin.String origin=GET_PROPERTY
                          $this: CALL 'public final fun <get-data> (): ues.pdm115.proyectopdm115grupo3.models.UsuarioAuth declared in ues.pdm115.proyectopdm115grupo3.models.UsuarioAuthResponse' type=ues.pdm115.proyectopdm115grupo3.models.UsuarioAuth origin=GET_PROPERTY
                            $this: GET_FIELD 'FIELD FIELD_FOR_CAPTURED_VALUE name:$result type:ues.pdm115.proyectopdm115grupo3.models.UsuarioAuthResponse? visibility:public/*package*/ [final] declared in ues.pdm115.proyectopdm115grupo3.login.LoginUser.onViewCreated$lambda$5.<no name provided>' type=ues.pdm115.proyectopdm115grupo3.models.UsuarioAuthResponse? origin=null
                              receiver: GET_VAR '<this>: ues.pdm115.proyectopdm115grupo3.login.LoginUser.onViewCreated$lambda$5.<no name provided> declared in ues.pdm115.proyectopdm115grupo3.login.LoginUser.onViewCreated$lambda$5.<no name provided>.invokeSuspend' type=ues.pdm115.proyectopdm115grupo3.login.LoginUser.onViewCreated$lambda$5.<no name provided> origin=null
                        $completion: GET_VAR '<this>: ues.pdm115.proyectopdm115grupo3.login.LoginUser.onViewCreated$lambda$5.<no name provided> declared in ues.pdm115.proyectopdm115grupo3.login.LoginUser.onViewCreated$lambda$5.<no name provided>.invokeSuspend' type=ues.pdm115.proyectopdm115grupo3.login.LoginUser.onViewCreated$lambda$5.<no name provided> origin=null
                      CALL 'public final fun saveUserType (context: android.content.Context, userType: kotlin.String, $completion: kotlin.coroutines.Continuation<kotlin.Unit>): kotlin.Any? [suspend] declared in ues.pdm115.proyectopdm115grupo3.DataStoreManager' type=kotlin.Unit origin=null
                        $this: GET_FIELD 'FIELD FIELD_FOR_OBJECT_INSTANCE name:INSTANCE type:ues.pdm115.proyectopdm115grupo3.DataStoreManager visibility:public [final,static] declared in ues.pdm115.proyectopdm115grupo3.DataStoreManager' type=ues.pdm115.proyectopdm115grupo3.DataStoreManager origin=null
                        context: BLOCK type=android.content.Context origin=null
                          VAR IR_TEMPORARY_VARIABLE name:tmp1 type:kotlin.Any? [val]
                            CALL 'public final fun requireContext (): @[EnhancedNullability] android.content.Context [fake_override] declared in ues.pdm115.proyectopdm115grupo3.login.LoginUser' type=@[EnhancedNullability] android.content.Context origin=null
                              $this: GET_FIELD 'FIELD FIELD_FOR_CAPTURED_VALUE name:this$0 type:ues.pdm115.proyectopdm115grupo3.login.LoginUser visibility:public/*package*/ [final] declared in ues.pdm115.proyectopdm115grupo3.login.LoginUser.onViewCreated$lambda$5.<no name provided>' type=ues.pdm115.proyectopdm115grupo3.login.LoginUser origin=null
                                receiver: GET_VAR '<this>: ues.pdm115.proyectopdm115grupo3.login.LoginUser.onViewCreated$lambda$5.<no name provided> declared in ues.pdm115.proyectopdm115grupo3.login.LoginUser.onViewCreated$lambda$5.<no name provided>.invokeSuspend' type=ues.pdm115.proyectopdm115grupo3.login.LoginUser.onViewCreated$lambda$5.<no name provided> origin=null
                          CALL 'public final fun checkNotNullExpressionValue (value: kotlin.Any?, expression: kotlin.String): kotlin.Unit declared in kotlin.jvm.internal.Intrinsics' type=kotlin.Unit origin=null
                            value: GET_VAR 'val tmp1: kotlin.Any? [val] declared in ues.pdm115.proyectopdm115grupo3.login.LoginUser.onViewCreated$lambda$5.<no name provided>.invokeSuspend' type=kotlin.Any? origin=null
                            expression: CONST String type=kotlin.String value="requireContext(...)"
                          GET_VAR 'val tmp1: kotlin.Any? [val] declared in ues.pdm115.proyectopdm115grupo3.login.LoginUser.onViewCreated$lambda$5.<no name provided>.invokeSuspend' type=kotlin.Any? origin=null
                        userType: CALL 'public final fun <get-nombre_rol> (): kotlin.String declared in ues.pdm115.proyectopdm115grupo3.models.UsuarioAuth' type=kotlin.String origin=GET_PROPERTY
                          $this: CALL 'public final fun <get-data> (): ues.pdm115.proyectopdm115grupo3.models.UsuarioAuth declared in ues.pdm115.proyectopdm115grupo3.models.UsuarioAuthResponse' type=ues.pdm115.proyectopdm115grupo3.models.UsuarioAuth origin=GET_PROPERTY
                            $this: GET_FIELD 'FIELD FIELD_FOR_CAPTURED_VALUE name:$result type:ues.pdm115.proyectopdm115grupo3.models.UsuarioAuthResponse? visibility:public/*package*/ [final] declared in ues.pdm115.proyectopdm115grupo3.login.LoginUser.onViewCreated$lambda$5.<no name provided>' type=ues.pdm115.proyectopdm115grupo3.models.UsuarioAuthResponse? origin=null
                              receiver: GET_VAR '<this>: ues.pdm115.proyectopdm115grupo3.login.LoginUser.onViewCreated$lambda$5.<no name provided> declared in ues.pdm115.proyectopdm115grupo3.login.LoginUser.onViewCreated$lambda$5.<no name provided>.invokeSuspend' type=ues.pdm115.proyectopdm115grupo3.login.LoginUser.onViewCreated$lambda$5.<no name provided> origin=null
                        $completion: GET_VAR '<this>: ues.pdm115.proyectopdm115grupo3.login.LoginUser.onViewCreated$lambda$5.<no name provided> declared in ues.pdm115.proyectopdm115grupo3.login.LoginUser.onViewCreated$lambda$5.<no name provided>.invokeSuspend' type=ues.pdm115.proyectopdm115grupo3.login.LoginUser.onViewCreated$lambda$5.<no name provided> origin=null
                      CALL 'public final fun delay (timeMillis: kotlin.Long, $completion: kotlin.coroutines.Continuation<kotlin.Unit>): kotlin.Any? [suspend] declared in kotlinx.coroutines.DelayKt' type=kotlin.Unit origin=null
                        timeMillis: CONST Long type=kotlin.Long value=1500
                        $completion: GET_VAR '<this>: ues.pdm115.proyectopdm115grupo3.login.LoginUser.onViewCreated$lambda$5.<no name provided> declared in ues.pdm115.proyectopdm115grupo3.login.LoginUser.onViewCreated$lambda$5.<no name provided>.invokeSuspend' type=ues.pdm115.proyectopdm115grupo3.login.LoginUser.onViewCreated$lambda$5.<no name provided> origin=null
                      CALL 'public final fun navigateToMainGraph (): kotlin.Unit declared in ues.pdm115.proyectopdm115grupo3.MainActivity' type=kotlin.Unit origin=null
                        $this: BLOCK type=ues.pdm115.proyectopdm115grupo3.MainActivity origin=null
                          VAR IR_TEMPORARY_VARIABLE name:tmp2 type:kotlin.Any? [val]
                            CALL 'public final fun requireActivity (): @[EnhancedNullability] androidx.fragment.app.FragmentActivity [fake_override] declared in ues.pdm115.proyectopdm115grupo3.login.LoginUser' type=@[EnhancedNullability] androidx.fragment.app.FragmentActivity origin=null
                              $this: GET_FIELD 'FIELD FIELD_FOR_CAPTURED_VALUE name:this$0 type:ues.pdm115.proyectopdm115grupo3.login.LoginUser visibility:public/*package*/ [final] declared in ues.pdm115.proyectopdm115grupo3.login.LoginUser.onViewCreated$lambda$5.<no name provided>' type=ues.pdm115.proyectopdm115grupo3.login.LoginUser origin=null
                                receiver: GET_VAR '<this>: ues.pdm115.proyectopdm115grupo3.login.LoginUser.onViewCreated$lambda$5.<no name provided> declared in ues.pdm115.proyectopdm115grupo3.login.LoginUser.onViewCreated$lambda$5.<no name provided>.invokeSuspend' type=ues.pdm115.proyectopdm115grupo3.login.LoginUser.onViewCreated$lambda$5.<no name provided> origin=null
                          CALL 'public final fun checkNotNull (object: kotlin.Any?, message: kotlin.String): kotlin.Unit declared in kotlin.jvm.internal.Intrinsics' type=kotlin.Unit origin=null
                            object: GET_VAR 'val tmp2: kotlin.Any? [val] declared in ues.pdm115.proyectopdm115grupo3.login.LoginUser.onViewCreated$lambda$5.<no name provided>.invokeSuspend' type=kotlin.Any? origin=null
                            message: CONST String type=kotlin.String value="null cannot be cast to non-null type ues.pdm115.proyectopdm115grupo3.MainActivity"
                          TYPE_OP type=ues.pdm115.proyectopdm115grupo3.MainActivity? origin=CAST typeOperand=ues.pdm115.proyectopdm115grupo3.MainActivity?
                            GET_VAR 'val tmp2: kotlin.Any? [val] declared in ues.pdm115.proyectopdm115grupo3.login.LoginUser.onViewCreated$lambda$5.<no name provided>.invokeSuspend' type=kotlin.Any? origin=null
                  BRANCH
                    if: CONST Boolean type=kotlin.Boolean value=true
                    then: BLOCK type=kotlin.Unit origin=null
                      CALL 'public open fun setVisibility (p0: kotlin.Int): kotlin.Unit [fake_override] declared in android.widget.LinearLayout' type=kotlin.Unit origin=EQ
                        $this: GET_FIELD 'FIELD IR_EXTERNAL_JAVA_DECLARATION_STUB name:containerMessage type:@[EnhancedNullability] android.widget.LinearLayout visibility:public [final] declared in ues.pdm115.proyectopdm115grupo3.databinding.FragmentLoginUserBinding' type=@[EnhancedNullability] android.widget.LinearLayout superQualifierSymbol=ues.pdm115.proyectopdm115grupo3.databinding.FragmentLoginUserBinding origin=null
                          receiver: CALL 'public final fun access$getBinding ($this: ues.pdm115.proyectopdm115grupo3.login.LoginUser): ues.pdm115.proyectopdm115grupo3.databinding.FragmentLoginUserBinding declared in ues.pdm115.proyectopdm115grupo3.login.LoginUser' type=ues.pdm115.proyectopdm115grupo3.databinding.FragmentLoginUserBinding origin=GET_PROPERTY
                            $this: GET_FIELD 'FIELD FIELD_FOR_CAPTURED_VALUE name:this$0 type:ues.pdm115.proyectopdm115grupo3.login.LoginUser visibility:public/*package*/ [final] declared in ues.pdm115.proyectopdm115grupo3.login.LoginUser.onViewCreated$lambda$5.<no name provided>' type=ues.pdm115.proyectopdm115grupo3.login.LoginUser origin=null
                              receiver: GET_VAR '<this>: ues.pdm115.proyectopdm115grupo3.login.LoginUser.onViewCreated$lambda$5.<no name provided> declared in ues.pdm115.proyectopdm115grupo3.login.LoginUser.onViewCreated$lambda$5.<no name provided>.invokeSuspend' type=ues.pdm115.proyectopdm115grupo3.login.LoginUser.onViewCreated$lambda$5.<no name provided> origin=null
                        p0: CONST Int type=kotlin.Int value=0
                      CALL 'public final fun setText (p0: @[FlexibleNullability] kotlin.CharSequence?): kotlin.Unit declared in android.widget.TextView' type=kotlin.Unit origin=EQ
                        $this: GET_FIELD 'FIELD IR_EXTERNAL_JAVA_DECLARATION_STUB name:txtMessage type:@[EnhancedNullability] android.widget.TextView visibility:public [final] declared in ues.pdm115.proyectopdm115grupo3.databinding.FragmentLoginUserBinding' type=@[EnhancedNullability] android.widget.TextView superQualifierSymbol=ues.pdm115.proyectopdm115grupo3.databinding.FragmentLoginUserBinding origin=null
                          receiver: CALL 'public final fun access$getBinding ($this: ues.pdm115.proyectopdm115grupo3.login.LoginUser): ues.pdm115.proyectopdm115grupo3.databinding.FragmentLoginUserBinding declared in ues.pdm115.proyectopdm115grupo3.login.LoginUser' type=ues.pdm115.proyectopdm115grupo3.databinding.FragmentLoginUserBinding origin=GET_PROPERTY
                            $this: GET_FIELD 'FIELD FIELD_FOR_CAPTURED_VALUE name:this$0 type:ues.pdm115.proyectopdm115grupo3.login.LoginUser visibility:public/*package*/ [final] declared in ues.pdm115.proyectopdm115grupo3.login.LoginUser.onViewCreated$lambda$5.<no name provided>' type=ues.pdm115.proyectopdm115grupo3.login.LoginUser origin=null
                              receiver: GET_VAR '<this>: ues.pdm115.proyectopdm115grupo3.login.LoginUser.onViewCreated$lambda$5.<no name provided> declared in ues.pdm115.proyectopdm115grupo3.login.LoginUser.onViewCreated$lambda$5.<no name provided>.invokeSuspend' type=ues.pdm115.proyectopdm115grupo3.login.LoginUser.onViewCreated$lambda$5.<no name provided> origin=null
                        p0: CALL 'public final fun <get-mensaje> (): kotlin.String [fake_override] declared in kotlin.Nothing' type=kotlin.String origin=GET_PROPERTY
                          $this: BLOCK type=kotlin.Nothing origin=null
                            CALL 'public final fun CHECK_NOT_NULL <T0> (arg0: T0 of kotlin.internal.ir.CHECK_NOT_NULL?): {T0 of kotlin.internal.ir.CHECK_NOT_NULL & Any} declared in kotlin.internal.ir' type=kotlin.Nothing origin=EXCLEXCL
                              <T0>: kotlin.Nothing
                              arg0: GET_FIELD 'FIELD FIELD_FOR_CAPTURED_VALUE name:$result type:ues.pdm115.proyectopdm115grupo3.models.UsuarioAuthResponse? visibility:public/*package*/ [final] declared in ues.pdm115.proyectopdm115grupo3.login.LoginUser.onViewCreated$lambda$5.<no name provided>' type=ues.pdm115.proyectopdm115grupo3.models.UsuarioAuthResponse? origin=null
                                receiver: GET_VAR '<this>: ues.pdm115.proyectopdm115grupo3.login.LoginUser.onViewCreated$lambda$5.<no name provided> declared in ues.pdm115.proyectopdm115grupo3.login.LoginUser.onViewCreated$lambda$5.<no name provided>.invokeSuspend' type=ues.pdm115.proyectopdm115grupo3.login.LoginUser.onViewCreated$lambda$5.<no name provided> origin=null
                            CALL 'public final fun throwKotlinNothingValueException (): kotlin.Nothing declared in kotlin.jvm.internal.Intrinsics' type=kotlin.Nothing origin=null
                      CALL 'public open fun setTextSize (p0: kotlin.Int, p1: kotlin.Float): kotlin.Unit declared in android.widget.TextView' type=kotlin.Unit origin=null
                        $this: GET_FIELD 'FIELD IR_EXTERNAL_JAVA_DECLARATION_STUB name:txtMessage type:@[EnhancedNullability] android.widget.TextView visibility:public [final] declared in ues.pdm115.proyectopdm115grupo3.databinding.FragmentLoginUserBinding' type=@[EnhancedNullability] android.widget.TextView superQualifierSymbol=ues.pdm115.proyectopdm115grupo3.databinding.FragmentLoginUserBinding origin=null
                          receiver: CALL 'public final fun access$getBinding ($this: ues.pdm115.proyectopdm115grupo3.login.LoginUser): ues.pdm115.proyectopdm115grupo3.databinding.FragmentLoginUserBinding declared in ues.pdm115.proyectopdm115grupo3.login.LoginUser' type=ues.pdm115.proyectopdm115grupo3.databinding.FragmentLoginUserBinding origin=GET_PROPERTY
                            $this: GET_FIELD 'FIELD FIELD_FOR_CAPTURED_VALUE name:this$0 type:ues.pdm115.proyectopdm115grupo3.login.LoginUser visibility:public/*package*/ [final] declared in ues.pdm115.proyectopdm115grupo3.login.LoginUser.onViewCreated$lambda$5.<no name provided>' type=ues.pdm115.proyectopdm115grupo3.login.LoginUser origin=null
                              receiver: GET_VAR '<this>: ues.pdm115.proyectopdm115grupo3.login.LoginUser.onViewCreated$lambda$5.<no name provided> declared in ues.pdm115.proyectopdm115grupo3.login.LoginUser.onViewCreated$lambda$5.<no name provided>.invokeSuspend' type=ues.pdm115.proyectopdm115grupo3.login.LoginUser.onViewCreated$lambda$5.<no name provided> origin=null
                        p0: CONST Int type=kotlin.Int value=2
                        p1: CONST Float type=kotlin.Float value=32.0
            FUN name:create visibility:public modality:FINAL <> ($this:ues.pdm115.proyectopdm115grupo3.login.LoginUser.onViewCreated$lambda$5.<no name provided>, value:kotlin.Any?, $completion:kotlin.coroutines.Continuation<kotlin.Nothing>) returnType:kotlin.coroutines.Continuation<kotlin.Unit>
              overridden:
                public open fun create (value: kotlin.Any?, $completion: kotlin.coroutines.Continuation<kotlin.Nothing>): kotlin.coroutines.Continuation<kotlin.Unit> declared in kotlin.coroutines.jvm.internal.SuspendLambda
              $this: VALUE_PARAMETER INSTANCE_RECEIVER name:<this> type:ues.pdm115.proyectopdm115grupo3.login.LoginUser.onViewCreated$lambda$5.<no name provided>
              VALUE_PARAMETER name:value index:0 type:kotlin.Any?
              VALUE_PARAMETER name:$completion index:1 type:kotlin.coroutines.Continuation<kotlin.Nothing>
              BLOCK_BODY
                RETURN type=kotlin.Nothing from='public final fun create (value: kotlin.Any?, $completion: kotlin.coroutines.Continuation<kotlin.Nothing>): kotlin.coroutines.Continuation<kotlin.Unit> declared in ues.pdm115.proyectopdm115grupo3.login.LoginUser.onViewCreated$lambda$5.<no name provided>'
                  CONSTRUCTOR_CALL 'public/*package*/ constructor <init> ($result: ues.pdm115.proyectopdm115grupo3.models.UsuarioAuthResponse?, this$0: ues.pdm115.proyectopdm115grupo3.login.LoginUser, $completion: kotlin.coroutines.Continuation<ues.pdm115.proyectopdm115grupo3.login.LoginUser.onViewCreated$lambda$5.<no name provided>>?) [primary] declared in ues.pdm115.proyectopdm115grupo3.login.LoginUser.onViewCreated$lambda$5.<no name provided>' type=ues.pdm115.proyectopdm115grupo3.login.LoginUser.onViewCreated$lambda$5.<no name provided> origin=null
                    $result: GET_FIELD 'FIELD FIELD_FOR_CAPTURED_VALUE name:$result type:ues.pdm115.proyectopdm115grupo3.models.UsuarioAuthResponse? visibility:public/*package*/ [final] declared in ues.pdm115.proyectopdm115grupo3.login.LoginUser.onViewCreated$lambda$5.<no name provided>' type=ues.pdm115.proyectopdm115grupo3.models.UsuarioAuthResponse? origin=null
                      receiver: GET_VAR '<this>: ues.pdm115.proyectopdm115grupo3.login.LoginUser.onViewCreated$lambda$5.<no name provided> declared in ues.pdm115.proyectopdm115grupo3.login.LoginUser.onViewCreated$lambda$5.<no name provided>.create' type=ues.pdm115.proyectopdm115grupo3.login.LoginUser.onViewCreated$lambda$5.<no name provided> origin=null
                    this$0: GET_FIELD 'FIELD FIELD_FOR_CAPTURED_VALUE name:this$0 type:ues.pdm115.proyectopdm115grupo3.login.LoginUser visibility:public/*package*/ [final] declared in ues.pdm115.proyectopdm115grupo3.login.LoginUser.onViewCreated$lambda$5.<no name provided>' type=ues.pdm115.proyectopdm115grupo3.login.LoginUser origin=null
                      receiver: GET_VAR '<this>: ues.pdm115.proyectopdm115grupo3.login.LoginUser.onViewCreated$lambda$5.<no name provided> declared in ues.pdm115.proyectopdm115grupo3.login.LoginUser.onViewCreated$lambda$5.<no name provided>.create' type=ues.pdm115.proyectopdm115grupo3.login.LoginUser.onViewCreated$lambda$5.<no name provided> origin=null
                    $completion: GET_VAR '$completion: kotlin.coroutines.Continuation<kotlin.Nothing> declared in ues.pdm115.proyectopdm115grupo3.login.LoginUser.onViewCreated$lambda$5.<no name provided>.create' type=kotlin.coroutines.Continuation<kotlin.Nothing> origin=null
            FUN name:invoke visibility:public modality:FINAL <> ($this:ues.pdm115.proyectopdm115grupo3.login.LoginUser.onViewCreated$lambda$5.<no name provided>, p1:kotlinx.coroutines.CoroutineScope, p2:kotlin.coroutines.Continuation<kotlin.Unit>?) returnType:kotlin.Any?
              overridden:
                public abstract fun invoke (p1: P1 of kotlin.jvm.functions.Function2, p2: P2 of kotlin.jvm.functions.Function2): R of kotlin.jvm.functions.Function2 declared in kotlin.jvm.functions.Function2
              $this: VALUE_PARAMETER INSTANCE_RECEIVER name:<this> type:ues.pdm115.proyectopdm115grupo3.login.LoginUser.onViewCreated$lambda$5.<no name provided>
              VALUE_PARAMETER name:p1 index:0 type:kotlinx.coroutines.CoroutineScope
              VALUE_PARAMETER name:p2 index:1 type:kotlin.coroutines.Continuation<kotlin.Unit>?
              BLOCK_BODY
                RETURN type=kotlin.Nothing from='public final fun invoke (p1: kotlinx.coroutines.CoroutineScope, p2: kotlin.coroutines.Continuation<kotlin.Unit>?): kotlin.Any? declared in ues.pdm115.proyectopdm115grupo3.login.LoginUser.onViewCreated$lambda$5.<no name provided>'
                  CALL 'public final fun invokeSuspend ($result: kotlin.Result<kotlin.Any?>): kotlin.Any? declared in ues.pdm115.proyectopdm115grupo3.login.LoginUser.onViewCreated$lambda$5.<no name provided>' type=kotlin.Any? origin=null
                    $this: TYPE_OP type=ues.pdm115.proyectopdm115grupo3.login.LoginUser.onViewCreated$lambda$5.<no name provided> origin=IMPLICIT_CAST typeOperand=ues.pdm115.proyectopdm115grupo3.login.LoginUser.onViewCreated$lambda$5.<no name provided>
                      CALL 'public final fun create (value: kotlin.Any?, $completion: kotlin.coroutines.Continuation<kotlin.Nothing>): kotlin.coroutines.Continuation<kotlin.Unit> declared in ues.pdm115.proyectopdm115grupo3.login.LoginUser.onViewCreated$lambda$5.<no name provided>' type=kotlin.coroutines.Continuation<kotlin.Unit> origin=null
                        $this: GET_VAR '<this>: ues.pdm115.proyectopdm115grupo3.login.LoginUser.onViewCreated$lambda$5.<no name provided> declared in ues.pdm115.proyectopdm115grupo3.login.LoginUser.onViewCreated$lambda$5.<no name provided>.invoke' type=ues.pdm115.proyectopdm115grupo3.login.LoginUser.onViewCreated$lambda$5.<no name provided> origin=null
                        value: GET_VAR 'p1: kotlinx.coroutines.CoroutineScope declared in ues.pdm115.proyectopdm115grupo3.login.LoginUser.onViewCreated$lambda$5.<no name provided>.invoke' type=kotlinx.coroutines.CoroutineScope origin=null
                        $completion: GET_VAR 'p2: kotlin.coroutines.Continuation<kotlin.Unit>? declared in ues.pdm115.proyectopdm115grupo3.login.LoginUser.onViewCreated$lambda$5.<no name provided>.invoke' type=kotlin.coroutines.Continuation<kotlin.Unit>? origin=null
                    $result: CALL 'public final fun <unsafe-coerce> <T, R> (v: T of kotlin.jvm.internal.<unsafe-coerce>): R of kotlin.jvm.internal.<unsafe-coerce> declared in kotlin.jvm.internal' type=kotlin.Result<kotlin.Any?> origin=null
                      <T>: kotlin.Any?
                      <R>: kotlin.Result<kotlin.Any?>
                      v: GET_FIELD 'FIELD FIELD_FOR_OBJECT_INSTANCE name:INSTANCE type:kotlin.Unit visibility:public [final,static] declared in kotlin.Unit' type=kotlin.Unit origin=null
            FIELD FIELD_FOR_CAPTURED_VALUE name:$result type:ues.pdm115.proyectopdm115grupo3.models.UsuarioAuthResponse? visibility:public/*package*/ [final]
            FIELD FIELD_FOR_CAPTURED_VALUE name:this$0 type:ues.pdm115.proyectopdm115grupo3.login.LoginUser visibility:public/*package*/ [final]
            FUN BRIDGE name:invoke visibility:public modality:OPEN <> ($this:ues.pdm115.proyectopdm115grupo3.login.LoginUser.onViewCreated$lambda$5.<no name provided>, p1:kotlin.Any?, p2:kotlin.Any?) returnType:kotlin.Any?
              $this: VALUE_PARAMETER INSTANCE_RECEIVER name:<this> type:ues.pdm115.proyectopdm115grupo3.login.LoginUser.onViewCreated$lambda$5.<no name provided>
              VALUE_PARAMETER BRIDGE name:p1 index:0 type:kotlin.Any?
              VALUE_PARAMETER BRIDGE name:p2 index:1 type:kotlin.Any?
              EXPRESSION_BODY
                RETURN type=kotlin.Nothing from='public open fun invoke (p1: kotlin.Any?, p2: kotlin.Any?): kotlin.Any? declared in ues.pdm115.proyectopdm115grupo3.login.LoginUser.onViewCreated$lambda$5.<no name provided>'
                  CALL 'public final fun invoke (p1: kotlinx.coroutines.CoroutineScope, p2: kotlin.coroutines.Continuation<kotlin.Unit>?): kotlin.Any? declared in ues.pdm115.proyectopdm115grupo3.login.LoginUser.onViewCreated$lambda$5.<no name provided>' type=kotlin.Any? origin=BRIDGE_DELEGATION
                    $this: GET_VAR '<this>: ues.pdm115.proyectopdm115grupo3.login.LoginUser.onViewCreated$lambda$5.<no name provided> declared in ues.pdm115.proyectopdm115grupo3.login.LoginUser.onViewCreated$lambda$5.<no name provided>.invoke' type=ues.pdm115.proyectopdm115grupo3.login.LoginUser.onViewCreated$lambda$5.<no name provided> origin=null
                    p1: TYPE_OP type=kotlinx.coroutines.CoroutineScope origin=IMPLICIT_CAST typeOperand=kotlinx.coroutines.CoroutineScope
                      GET_VAR 'p1: kotlin.Any? declared in ues.pdm115.proyectopdm115grupo3.login.LoginUser.onViewCreated$lambda$5.<no name provided>.invoke' type=kotlin.Any? origin=null
                    p2: TYPE_OP type=kotlin.coroutines.Continuation<*> origin=IMPLICIT_CAST typeOperand=kotlin.coroutines.Continuation<*>
                      GET_VAR 'p2: kotlin.Any? declared in ues.pdm115.proyectopdm115grupo3.login.LoginUser.onViewCreated$lambda$5.<no name provided>.invoke' type=kotlin.Any? origin=null
          CONSTRUCTOR_CALL 'public/*package*/ constructor <init> ($result: ues.pdm115.proyectopdm115grupo3.models.UsuarioAuthResponse?, this$0: ues.pdm115.proyectopdm115grupo3.login.LoginUser, $completion: kotlin.coroutines.Continuation<ues.pdm115.proyectopdm115grupo3.login.LoginUser.onViewCreated$lambda$5.<no name provided>>?) [primary] declared in ues.pdm115.proyectopdm115grupo3.login.LoginUser.onViewCreated$lambda$5.<no name provided>' type=ues.pdm115.proyectopdm115grupo3.login.LoginUser.onViewCreated$lambda$5.<no name provided> origin=null
            $result: GET_VAR 'result: ues.pdm115.proyectopdm115grupo3.models.UsuarioAuthResponse? declared in ues.pdm115.proyectopdm115grupo3.login.LoginUser.onViewCreated$lambda$5' type=ues.pdm115.proyectopdm115grupo3.models.UsuarioAuthResponse? origin=null
            this$0: GET_VAR 'this$0: ues.pdm115.proyectopdm115grupo3.login.LoginUser declared in ues.pdm115.proyectopdm115grupo3.login.LoginUser.onViewCreated$lambda$5' type=ues.pdm115.proyectopdm115grupo3.login.LoginUser origin=null
            $completion: CONST Null type=kotlin.Nothing? value=null
        $mask0: CONST Int type=kotlin.Int value=3
        $handler: CONST Null type=kotlin.Any? value=null
      COMPOSITE type=kotlin.Unit origin=null

	at org.jetbrains.kotlin.backend.jvm.codegen.FunctionCodegen.generate(FunctionCodegen.kt:47)
	at org.jetbrains.kotlin.backend.jvm.codegen.FunctionCodegen.generate$default(FunctionCodegen.kt:40)
	at org.jetbrains.kotlin.backend.jvm.codegen.ClassCodegen.generateMethodNode(ClassCodegen.kt:406)
	at org.jetbrains.kotlin.backend.jvm.codegen.ClassCodegen.generateMethod(ClassCodegen.kt:423)
	at org.jetbrains.kotlin.backend.jvm.codegen.ClassCodegen.generate(ClassCodegen.kt:168)
	at org.jetbrains.kotlin.backend.jvm.FileCodegen.lower(JvmPhases.kt:39)
	at org.jetbrains.kotlin.backend.common.phaser.PhaseFactoriesKt.createFilePhase$lambda$4(PhaseFactories.kt:71)
	at org.jetbrains.kotlin.backend.common.phaser.PhaseBuildersKt$createSimpleNamedCompilerPhase$1.phaseBody(PhaseBuilders.kt:69)
	at org.jetbrains.kotlin.backend.common.phaser.SimpleNamedCompilerPhase.phaseBody(CompilerPhase.kt:226)
	at org.jetbrains.kotlin.backend.common.phaser.AbstractNamedCompilerPhase.invoke(CompilerPhase.kt:113)
	at org.jetbrains.kotlin.backend.common.phaser.PerformByIrFilePhase.invokeSequential(performByIrFile.kt:62)
	... 44 more
Caused by: java.lang.RuntimeException: Exception while generating code for:
FUN name:invokeSuspend visibility:public modality:FINAL <> ($this:ues.pdm115.proyectopdm115grupo3.login.LoginUser.onViewCreated$lambda$5.<no name provided>, $result:kotlin.Result<kotlin.Any?>) returnType:kotlin.Any?
  overridden:
    protected abstract fun invokeSuspend ($result: kotlin.Result<kotlin.Any?>): kotlin.Any? declared in kotlin.coroutines.jvm.internal.SuspendLambda
  $this: VALUE_PARAMETER INSTANCE_RECEIVER name:<this> type:ues.pdm115.proyectopdm115grupo3.login.LoginUser.onViewCreated$lambda$5.<no name provided>
  VALUE_PARAMETER name:$result index:0 type:kotlin.Result<kotlin.Any?>
  BLOCK_BODY
    WHEN type=kotlin.Unit origin=IF
      BRANCH
        if: CALL 'public final fun not (): kotlin.Boolean [operator] declared in kotlin.Boolean' type=kotlin.Boolean origin=EXCLEQ
          $this: CALL 'public final fun EQEQ (arg0: kotlin.Any?, arg1: kotlin.Any?): kotlin.Boolean declared in kotlin.internal.ir' type=kotlin.Boolean origin=EXCLEQ
            arg0: GET_FIELD 'FIELD FIELD_FOR_CAPTURED_VALUE name:$result type:ues.pdm115.proyectopdm115grupo3.models.UsuarioAuthResponse? visibility:public/*package*/ [final] declared in ues.pdm115.proyectopdm115grupo3.login.LoginUser.onViewCreated$lambda$5.<no name provided>' type=ues.pdm115.proyectopdm115grupo3.models.UsuarioAuthResponse? origin=null
              receiver: GET_VAR '<this>: ues.pdm115.proyectopdm115grupo3.login.LoginUser.onViewCreated$lambda$5.<no name provided> declared in ues.pdm115.proyectopdm115grupo3.login.LoginUser.onViewCreated$lambda$5.<no name provided>.invokeSuspend' type=ues.pdm115.proyectopdm115grupo3.login.LoginUser.onViewCreated$lambda$5.<no name provided> origin=null
            arg1: CONST Null type=kotlin.Nothing? value=null
        then: BLOCK type=kotlin.Unit origin=null
          CALL 'public open fun setVisibility (p0: kotlin.Int): kotlin.Unit [fake_override] declared in android.widget.LinearLayout' type=kotlin.Unit origin=EQ
            $this: GET_FIELD 'FIELD IR_EXTERNAL_JAVA_DECLARATION_STUB name:containerMessage type:@[EnhancedNullability] android.widget.LinearLayout visibility:public [final] declared in ues.pdm115.proyectopdm115grupo3.databinding.FragmentLoginUserBinding' type=@[EnhancedNullability] android.widget.LinearLayout superQualifierSymbol=ues.pdm115.proyectopdm115grupo3.databinding.FragmentLoginUserBinding origin=null
              receiver: CALL 'public final fun access$getBinding ($this: ues.pdm115.proyectopdm115grupo3.login.LoginUser): ues.pdm115.proyectopdm115grupo3.databinding.FragmentLoginUserBinding declared in ues.pdm115.proyectopdm115grupo3.login.LoginUser' type=ues.pdm115.proyectopdm115grupo3.databinding.FragmentLoginUserBinding origin=GET_PROPERTY
                $this: GET_FIELD 'FIELD FIELD_FOR_CAPTURED_VALUE name:this$0 type:ues.pdm115.proyectopdm115grupo3.login.LoginUser visibility:public/*package*/ [final] declared in ues.pdm115.proyectopdm115grupo3.login.LoginUser.onViewCreated$lambda$5.<no name provided>' type=ues.pdm115.proyectopdm115grupo3.login.LoginUser origin=null
                  receiver: GET_VAR '<this>: ues.pdm115.proyectopdm115grupo3.login.LoginUser.onViewCreated$lambda$5.<no name provided> declared in ues.pdm115.proyectopdm115grupo3.login.LoginUser.onViewCreated$lambda$5.<no name provided>.invokeSuspend' type=ues.pdm115.proyectopdm115grupo3.login.LoginUser.onViewCreated$lambda$5.<no name provided> origin=null
            p0: CONST Int type=kotlin.Int value=0
          CALL 'public final fun setText (p0: @[FlexibleNullability] kotlin.CharSequence?): kotlin.Unit declared in android.widget.TextView' type=kotlin.Unit origin=EQ
            $this: GET_FIELD 'FIELD IR_EXTERNAL_JAVA_DECLARATION_STUB name:txtMessage type:@[EnhancedNullability] android.widget.TextView visibility:public [final] declared in ues.pdm115.proyectopdm115grupo3.databinding.FragmentLoginUserBinding' type=@[EnhancedNullability] android.widget.TextView superQualifierSymbol=ues.pdm115.proyectopdm115grupo3.databinding.FragmentLoginUserBinding origin=null
              receiver: CALL 'public final fun access$getBinding ($this: ues.pdm115.proyectopdm115grupo3.login.LoginUser): ues.pdm115.proyectopdm115grupo3.databinding.FragmentLoginUserBinding declared in ues.pdm115.proyectopdm115grupo3.login.LoginUser' type=ues.pdm115.proyectopdm115grupo3.databinding.FragmentLoginUserBinding origin=GET_PROPERTY
                $this: GET_FIELD 'FIELD FIELD_FOR_CAPTURED_VALUE name:this$0 type:ues.pdm115.proyectopdm115grupo3.login.LoginUser visibility:public/*package*/ [final] declared in ues.pdm115.proyectopdm115grupo3.login.LoginUser.onViewCreated$lambda$5.<no name provided>' type=ues.pdm115.proyectopdm115grupo3.login.LoginUser origin=null
                  receiver: GET_VAR '<this>: ues.pdm115.proyectopdm115grupo3.login.LoginUser.onViewCreated$lambda$5.<no name provided> declared in ues.pdm115.proyectopdm115grupo3.login.LoginUser.onViewCreated$lambda$5.<no name provided>.invokeSuspend' type=ues.pdm115.proyectopdm115grupo3.login.LoginUser.onViewCreated$lambda$5.<no name provided> origin=null
            p0: CALL 'public final fun <get-mensaje> (): kotlin.String declared in ues.pdm115.proyectopdm115grupo3.models.UsuarioAuthResponse' type=kotlin.String origin=GET_PROPERTY
              $this: GET_FIELD 'FIELD FIELD_FOR_CAPTURED_VALUE name:$result type:ues.pdm115.proyectopdm115grupo3.models.UsuarioAuthResponse? visibility:public/*package*/ [final] declared in ues.pdm115.proyectopdm115grupo3.login.LoginUser.onViewCreated$lambda$5.<no name provided>' type=ues.pdm115.proyectopdm115grupo3.models.UsuarioAuthResponse? origin=null
                receiver: GET_VAR '<this>: ues.pdm115.proyectopdm115grupo3.login.LoginUser.onViewCreated$lambda$5.<no name provided> declared in ues.pdm115.proyectopdm115grupo3.login.LoginUser.onViewCreated$lambda$5.<no name provided>.invokeSuspend' type=ues.pdm115.proyectopdm115grupo3.login.LoginUser.onViewCreated$lambda$5.<no name provided> origin=null
          CALL 'public open fun setTextSize (p0: kotlin.Int, p1: kotlin.Float): kotlin.Unit declared in android.widget.TextView' type=kotlin.Unit origin=null
            $this: GET_FIELD 'FIELD IR_EXTERNAL_JAVA_DECLARATION_STUB name:txtMessage type:@[EnhancedNullability] android.widget.TextView visibility:public [final] declared in ues.pdm115.proyectopdm115grupo3.databinding.FragmentLoginUserBinding' type=@[EnhancedNullability] android.widget.TextView superQualifierSymbol=ues.pdm115.proyectopdm115grupo3.databinding.FragmentLoginUserBinding origin=null
              receiver: CALL 'public final fun access$getBinding ($this: ues.pdm115.proyectopdm115grupo3.login.LoginUser): ues.pdm115.proyectopdm115grupo3.databinding.FragmentLoginUserBinding declared in ues.pdm115.proyectopdm115grupo3.login.LoginUser' type=ues.pdm115.proyectopdm115grupo3.databinding.FragmentLoginUserBinding origin=GET_PROPERTY
                $this: GET_FIELD 'FIELD FIELD_FOR_CAPTURED_VALUE name:this$0 type:ues.pdm115.proyectopdm115grupo3.login.LoginUser visibility:public/*package*/ [final] declared in ues.pdm115.proyectopdm115grupo3.login.LoginUser.onViewCreated$lambda$5.<no name provided>' type=ues.pdm115.proyectopdm115grupo3.login.LoginUser origin=null
                  receiver: GET_VAR '<this>: ues.pdm115.proyectopdm115grupo3.login.LoginUser.onViewCreated$lambda$5.<no name provided> declared in ues.pdm115.proyectopdm115grupo3.login.LoginUser.onViewCreated$lambda$5.<no name provided>.invokeSuspend' type=ues.pdm115.proyectopdm115grupo3.login.LoginUser.onViewCreated$lambda$5.<no name provided> origin=null
            p0: CONST Int type=kotlin.Int value=2
            p1: CONST Float type=kotlin.Float value=32.0
          CALL 'public open fun show (): kotlin.Unit declared in android.widget.Toast' type=kotlin.Unit origin=null
            $this: CALL 'public open fun makeText (p0: @[FlexibleNullability] android.content.Context?, p1: @[FlexibleNullability] kotlin.CharSequence?, p2: kotlin.Int): @[FlexibleNullability] android.widget.Toast? declared in android.widget.Toast' type=@[FlexibleNullability] android.widget.Toast? origin=null
              p0: CALL 'public final fun requireContext (): @[EnhancedNullability] android.content.Context [fake_override] declared in ues.pdm115.proyectopdm115grupo3.login.LoginUser' type=@[EnhancedNullability] android.content.Context origin=null
                $this: GET_FIELD 'FIELD FIELD_FOR_CAPTURED_VALUE name:this$0 type:ues.pdm115.proyectopdm115grupo3.login.LoginUser visibility:public/*package*/ [final] declared in ues.pdm115.proyectopdm115grupo3.login.LoginUser.onViewCreated$lambda$5.<no name provided>' type=ues.pdm115.proyectopdm115grupo3.login.LoginUser origin=null
                  receiver: GET_VAR '<this>: ues.pdm115.proyectopdm115grupo3.login.LoginUser.onViewCreated$lambda$5.<no name provided> declared in ues.pdm115.proyectopdm115grupo3.login.LoginUser.onViewCreated$lambda$5.<no name provided>.invokeSuspend' type=ues.pdm115.proyectopdm115grupo3.login.LoginUser.onViewCreated$lambda$5.<no name provided> origin=null
              p1: STRING_CONCATENATION type=kotlin.String
                CONST String type=kotlin.String value="Bienvenido "
                CALL 'public final fun <get-nombre> (): kotlin.String declared in ues.pdm115.proyectopdm115grupo3.models.UsuarioAuth' type=kotlin.String origin=GET_PROPERTY
                  $this: CALL 'public final fun <get-data> (): ues.pdm115.proyectopdm115grupo3.models.UsuarioAuth declared in ues.pdm115.proyectopdm115grupo3.models.UsuarioAuthResponse' type=ues.pdm115.proyectopdm115grupo3.models.UsuarioAuth origin=GET_PROPERTY
                    $this: GET_FIELD 'FIELD FIELD_FOR_CAPTURED_VALUE name:$result type:ues.pdm115.proyectopdm115grupo3.models.UsuarioAuthResponse? visibility:public/*package*/ [final] declared in ues.pdm115.proyectopdm115grupo3.login.LoginUser.onViewCreated$lambda$5.<no name provided>' type=ues.pdm115.proyectopdm115grupo3.models.UsuarioAuthResponse? origin=null
                      receiver: GET_VAR '<this>: ues.pdm115.proyectopdm115grupo3.login.LoginUser.onViewCreated$lambda$5.<no name provided> declared in ues.pdm115.proyectopdm115grupo3.login.LoginUser.onViewCreated$lambda$5.<no name provided>.invokeSuspend' type=ues.pdm115.proyectopdm115grupo3.login.LoginUser.onViewCreated$lambda$5.<no name provided> origin=null
              p2: CONST Int type=kotlin.Int value=1
          CALL 'public final fun saveUsername (context: android.content.Context, username: kotlin.String, $completion: kotlin.coroutines.Continuation<kotlin.Unit>): kotlin.Any? [suspend] declared in ues.pdm115.proyectopdm115grupo3.DataStoreManager' type=kotlin.Unit origin=null
            $this: GET_FIELD 'FIELD FIELD_FOR_OBJECT_INSTANCE name:INSTANCE type:ues.pdm115.proyectopdm115grupo3.DataStoreManager visibility:public [final,static] declared in ues.pdm115.proyectopdm115grupo3.DataStoreManager' type=ues.pdm115.proyectopdm115grupo3.DataStoreManager origin=null
            context: BLOCK type=android.content.Context origin=null
              VAR IR_TEMPORARY_VARIABLE name:tmp0 type:kotlin.Any? [val]
                CALL 'public final fun requireContext (): @[EnhancedNullability] android.content.Context [fake_override] declared in ues.pdm115.proyectopdm115grupo3.login.LoginUser' type=@[EnhancedNullability] android.content.Context origin=null
                  $this: GET_FIELD 'FIELD FIELD_FOR_CAPTURED_VALUE name:this$0 type:ues.pdm115.proyectopdm115grupo3.login.LoginUser visibility:public/*package*/ [final] declared in ues.pdm115.proyectopdm115grupo3.login.LoginUser.onViewCreated$lambda$5.<no name provided>' type=ues.pdm115.proyectopdm115grupo3.login.LoginUser origin=null
                    receiver: GET_VAR '<this>: ues.pdm115.proyectopdm115grupo3.login.LoginUser.onViewCreated$lambda$5.<no name provided> declared in ues.pdm115.proyectopdm115grupo3.login.LoginUser.onViewCreated$lambda$5.<no name provided>.invokeSuspend' type=ues.pdm115.proyectopdm115grupo3.login.LoginUser.onViewCreated$lambda$5.<no name provided> origin=null
              CALL 'public final fun checkNotNullExpressionValue (value: kotlin.Any?, expression: kotlin.String): kotlin.Unit declared in kotlin.jvm.internal.Intrinsics' type=kotlin.Unit origin=null
                value: GET_VAR 'val tmp0: kotlin.Any? [val] declared in ues.pdm115.proyectopdm115grupo3.login.LoginUser.onViewCreated$lambda$5.<no name provided>.invokeSuspend' type=kotlin.Any? origin=null
                expression: CONST String type=kotlin.String value="requireContext(...)"
              GET_VAR 'val tmp0: kotlin.Any? [val] declared in ues.pdm115.proyectopdm115grupo3.login.LoginUser.onViewCreated$lambda$5.<no name provided>.invokeSuspend' type=kotlin.Any? origin=null
            username: CALL 'public final fun <get-nombre> (): kotlin.String declared in ues.pdm115.proyectopdm115grupo3.models.UsuarioAuth' type=kotlin.String origin=GET_PROPERTY
              $this: CALL 'public final fun <get-data> (): ues.pdm115.proyectopdm115grupo3.models.UsuarioAuth declared in ues.pdm115.proyectopdm115grupo3.models.UsuarioAuthResponse' type=ues.pdm115.proyectopdm115grupo3.models.UsuarioAuth origin=GET_PROPERTY
                $this: GET_FIELD 'FIELD FIELD_FOR_CAPTURED_VALUE name:$result type:ues.pdm115.proyectopdm115grupo3.models.UsuarioAuthResponse? visibility:public/*package*/ [final] declared in ues.pdm115.proyectopdm115grupo3.login.LoginUser.onViewCreated$lambda$5.<no name provided>' type=ues.pdm115.proyectopdm115grupo3.models.UsuarioAuthResponse? origin=null
                  receiver: GET_VAR '<this>: ues.pdm115.proyectopdm115grupo3.login.LoginUser.onViewCreated$lambda$5.<no name provided> declared in ues.pdm115.proyectopdm115grupo3.login.LoginUser.onViewCreated$lambda$5.<no name provided>.invokeSuspend' type=ues.pdm115.proyectopdm115grupo3.login.LoginUser.onViewCreated$lambda$5.<no name provided> origin=null
            $completion: GET_VAR '<this>: ues.pdm115.proyectopdm115grupo3.login.LoginUser.onViewCreated$lambda$5.<no name provided> declared in ues.pdm115.proyectopdm115grupo3.login.LoginUser.onViewCreated$lambda$5.<no name provided>.invokeSuspend' type=ues.pdm115.proyectopdm115grupo3.login.LoginUser.onViewCreated$lambda$5.<no name provided> origin=null
          CALL 'public final fun saveUserType (context: android.content.Context, userType: kotlin.String, $completion: kotlin.coroutines.Continuation<kotlin.Unit>): kotlin.Any? [suspend] declared in ues.pdm115.proyectopdm115grupo3.DataStoreManager' type=kotlin.Unit origin=null
            $this: GET_FIELD 'FIELD FIELD_FOR_OBJECT_INSTANCE name:INSTANCE type:ues.pdm115.proyectopdm115grupo3.DataStoreManager visibility:public [final,static] declared in ues.pdm115.proyectopdm115grupo3.DataStoreManager' type=ues.pdm115.proyectopdm115grupo3.DataStoreManager origin=null
            context: BLOCK type=android.content.Context origin=null
              VAR IR_TEMPORARY_VARIABLE name:tmp1 type:kotlin.Any? [val]
                CALL 'public final fun requireContext (): @[EnhancedNullability] android.content.Context [fake_override] declared in ues.pdm115.proyectopdm115grupo3.login.LoginUser' type=@[EnhancedNullability] android.content.Context origin=null
                  $this: GET_FIELD 'FIELD FIELD_FOR_CAPTURED_VALUE name:this$0 type:ues.pdm115.proyectopdm115grupo3.login.LoginUser visibility:public/*package*/ [final] declared in ues.pdm115.proyectopdm115grupo3.login.LoginUser.onViewCreated$lambda$5.<no name provided>' type=ues.pdm115.proyectopdm115grupo3.login.LoginUser origin=null
                    receiver: GET_VAR '<this>: ues.pdm115.proyectopdm115grupo3.login.LoginUser.onViewCreated$lambda$5.<no name provided> declared in ues.pdm115.proyectopdm115grupo3.login.LoginUser.onViewCreated$lambda$5.<no name provided>.invokeSuspend' type=ues.pdm115.proyectopdm115grupo3.login.LoginUser.onViewCreated$lambda$5.<no name provided> origin=null
              CALL 'public final fun checkNotNullExpressionValue (value: kotlin.Any?, expression: kotlin.String): kotlin.Unit declared in kotlin.jvm.internal.Intrinsics' type=kotlin.Unit origin=null
                value: GET_VAR 'val tmp1: kotlin.Any? [val] declared in ues.pdm115.proyectopdm115grupo3.login.LoginUser.onViewCreated$lambda$5.<no name provided>.invokeSuspend' type=kotlin.Any? origin=null
                expression: CONST String type=kotlin.String value="requireContext(...)"
              GET_VAR 'val tmp1: kotlin.Any? [val] declared in ues.pdm115.proyectopdm115grupo3.login.LoginUser.onViewCreated$lambda$5.<no name provided>.invokeSuspend' type=kotlin.Any? origin=null
            userType: CALL 'public final fun <get-nombre_rol> (): kotlin.String declared in ues.pdm115.proyectopdm115grupo3.models.UsuarioAuth' type=kotlin.String origin=GET_PROPERTY
              $this: CALL 'public final fun <get-data> (): ues.pdm115.proyectopdm115grupo3.models.UsuarioAuth declared in ues.pdm115.proyectopdm115grupo3.models.UsuarioAuthResponse' type=ues.pdm115.proyectopdm115grupo3.models.UsuarioAuth origin=GET_PROPERTY
                $this: GET_FIELD 'FIELD FIELD_FOR_CAPTURED_VALUE name:$result type:ues.pdm115.proyectopdm115grupo3.models.UsuarioAuthResponse? visibility:public/*package*/ [final] declared in ues.pdm115.proyectopdm115grupo3.login.LoginUser.onViewCreated$lambda$5.<no name provided>' type=ues.pdm115.proyectopdm115grupo3.models.UsuarioAuthResponse? origin=null
                  receiver: GET_VAR '<this>: ues.pdm115.proyectopdm115grupo3.login.LoginUser.onViewCreated$lambda$5.<no name provided> declared in ues.pdm115.proyectopdm115grupo3.login.LoginUser.onViewCreated$lambda$5.<no name provided>.invokeSuspend' type=ues.pdm115.proyectopdm115grupo3.login.LoginUser.onViewCreated$lambda$5.<no name provided> origin=null
            $completion: GET_VAR '<this>: ues.pdm115.proyectopdm115grupo3.login.LoginUser.onViewCreated$lambda$5.<no name provided> declared in ues.pdm115.proyectopdm115grupo3.login.LoginUser.onViewCreated$lambda$5.<no name provided>.invokeSuspend' type=ues.pdm115.proyectopdm115grupo3.login.LoginUser.onViewCreated$lambda$5.<no name provided> origin=null
          CALL 'public final fun delay (timeMillis: kotlin.Long, $completion: kotlin.coroutines.Continuation<kotlin.Unit>): kotlin.Any? [suspend] declared in kotlinx.coroutines.DelayKt' type=kotlin.Unit origin=null
            timeMillis: CONST Long type=kotlin.Long value=1500
            $completion: GET_VAR '<this>: ues.pdm115.proyectopdm115grupo3.login.LoginUser.onViewCreated$lambda$5.<no name provided> declared in ues.pdm115.proyectopdm115grupo3.login.LoginUser.onViewCreated$lambda$5.<no name provided>.invokeSuspend' type=ues.pdm115.proyectopdm115grupo3.login.LoginUser.onViewCreated$lambda$5.<no name provided> origin=null
          CALL 'public final fun navigateToMainGraph (): kotlin.Unit declared in ues.pdm115.proyectopdm115grupo3.MainActivity' type=kotlin.Unit origin=null
            $this: BLOCK type=ues.pdm115.proyectopdm115grupo3.MainActivity origin=null
              VAR IR_TEMPORARY_VARIABLE name:tmp2 type:kotlin.Any? [val]
                CALL 'public final fun requireActivity (): @[EnhancedNullability] androidx.fragment.app.FragmentActivity [fake_override] declared in ues.pdm115.proyectopdm115grupo3.login.LoginUser' type=@[EnhancedNullability] androidx.fragment.app.FragmentActivity origin=null
                  $this: GET_FIELD 'FIELD FIELD_FOR_CAPTURED_VALUE name:this$0 type:ues.pdm115.proyectopdm115grupo3.login.LoginUser visibility:public/*package*/ [final] declared in ues.pdm115.proyectopdm115grupo3.login.LoginUser.onViewCreated$lambda$5.<no name provided>' type=ues.pdm115.proyectopdm115grupo3.login.LoginUser origin=null
                    receiver: GET_VAR '<this>: ues.pdm115.proyectopdm115grupo3.login.LoginUser.onViewCreated$lambda$5.<no name provided> declared in ues.pdm115.proyectopdm115grupo3.login.LoginUser.onViewCreated$lambda$5.<no name provided>.invokeSuspend' type=ues.pdm115.proyectopdm115grupo3.login.LoginUser.onViewCreated$lambda$5.<no name provided> origin=null
              CALL 'public final fun checkNotNull (object: kotlin.Any?, message: kotlin.String): kotlin.Unit declared in kotlin.jvm.internal.Intrinsics' type=kotlin.Unit origin=null
                object: GET_VAR 'val tmp2: kotlin.Any? [val] declared in ues.pdm115.proyectopdm115grupo3.login.LoginUser.onViewCreated$lambda$5.<no name provided>.invokeSuspend' type=kotlin.Any? origin=null
                message: CONST String type=kotlin.String value="null cannot be cast to non-null type ues.pdm115.proyectopdm115grupo3.MainActivity"
              TYPE_OP type=ues.pdm115.proyectopdm115grupo3.MainActivity? origin=CAST typeOperand=ues.pdm115.proyectopdm115grupo3.MainActivity?
                GET_VAR 'val tmp2: kotlin.Any? [val] declared in ues.pdm115.proyectopdm115grupo3.login.LoginUser.onViewCreated$lambda$5.<no name provided>.invokeSuspend' type=kotlin.Any? origin=null
      BRANCH
        if: CONST Boolean type=kotlin.Boolean value=true
        then: BLOCK type=kotlin.Unit origin=null
          CALL 'public open fun setVisibility (p0: kotlin.Int): kotlin.Unit [fake_override] declared in android.widget.LinearLayout' type=kotlin.Unit origin=EQ
            $this: GET_FIELD 'FIELD IR_EXTERNAL_JAVA_DECLARATION_STUB name:containerMessage type:@[EnhancedNullability] android.widget.LinearLayout visibility:public [final] declared in ues.pdm115.proyectopdm115grupo3.databinding.FragmentLoginUserBinding' type=@[EnhancedNullability] android.widget.LinearLayout superQualifierSymbol=ues.pdm115.proyectopdm115grupo3.databinding.FragmentLoginUserBinding origin=null
              receiver: CALL 'public final fun access$getBinding ($this: ues.pdm115.proyectopdm115grupo3.login.LoginUser): ues.pdm115.proyectopdm115grupo3.databinding.FragmentLoginUserBinding declared in ues.pdm115.proyectopdm115grupo3.login.LoginUser' type=ues.pdm115.proyectopdm115grupo3.databinding.FragmentLoginUserBinding origin=GET_PROPERTY
                $this: GET_FIELD 'FIELD FIELD_FOR_CAPTURED_VALUE name:this$0 type:ues.pdm115.proyectopdm115grupo3.login.LoginUser visibility:public/*package*/ [final] declared in ues.pdm115.proyectopdm115grupo3.login.LoginUser.onViewCreated$lambda$5.<no name provided>' type=ues.pdm115.proyectopdm115grupo3.login.LoginUser origin=null
                  receiver: GET_VAR '<this>: ues.pdm115.proyectopdm115grupo3.login.LoginUser.onViewCreated$lambda$5.<no name provided> declared in ues.pdm115.proyectopdm115grupo3.login.LoginUser.onViewCreated$lambda$5.<no name provided>.invokeSuspend' type=ues.pdm115.proyectopdm115grupo3.login.LoginUser.onViewCreated$lambda$5.<no name provided> origin=null
            p0: CONST Int type=kotlin.Int value=0
          CALL 'public final fun setText (p0: @[FlexibleNullability] kotlin.CharSequence?): kotlin.Unit declared in android.widget.TextView' type=kotlin.Unit origin=EQ
            $this: GET_FIELD 'FIELD IR_EXTERNAL_JAVA_DECLARATION_STUB name:txtMessage type:@[EnhancedNullability] android.widget.TextView visibility:public [final] declared in ues.pdm115.proyectopdm115grupo3.databinding.FragmentLoginUserBinding' type=@[EnhancedNullability] android.widget.TextView superQualifierSymbol=ues.pdm115.proyectopdm115grupo3.databinding.FragmentLoginUserBinding origin=null
              receiver: CALL 'public final fun access$getBinding ($this: ues.pdm115.proyectopdm115grupo3.login.LoginUser): ues.pdm115.proyectopdm115grupo3.databinding.FragmentLoginUserBinding declared in ues.pdm115.proyectopdm115grupo3.login.LoginUser' type=ues.pdm115.proyectopdm115grupo3.databinding.FragmentLoginUserBinding origin=GET_PROPERTY
                $this: GET_FIELD 'FIELD FIELD_FOR_CAPTURED_VALUE name:this$0 type:ues.pdm115.proyectopdm115grupo3.login.LoginUser visibility:public/*package*/ [final] declared in ues.pdm115.proyectopdm115grupo3.login.LoginUser.onViewCreated$lambda$5.<no name provided>' type=ues.pdm115.proyectopdm115grupo3.login.LoginUser origin=null
                  receiver: GET_VAR '<this>: ues.pdm115.proyectopdm115grupo3.login.LoginUser.onViewCreated$lambda$5.<no name provided> declared in ues.pdm115.proyectopdm115grupo3.login.LoginUser.onViewCreated$lambda$5.<no name provided>.invokeSuspend' type=ues.pdm115.proyectopdm115grupo3.login.LoginUser.onViewCreated$lambda$5.<no name provided> origin=null
            p0: CALL 'public final fun <get-mensaje> (): kotlin.String [fake_override] declared in kotlin.Nothing' type=kotlin.String origin=GET_PROPERTY
              $this: BLOCK type=kotlin.Nothing origin=null
                CALL 'public final fun CHECK_NOT_NULL <T0> (arg0: T0 of kotlin.internal.ir.CHECK_NOT_NULL?): {T0 of kotlin.internal.ir.CHECK_NOT_NULL & Any} declared in kotlin.internal.ir' type=kotlin.Nothing origin=EXCLEXCL
                  <T0>: kotlin.Nothing
                  arg0: GET_FIELD 'FIELD FIELD_FOR_CAPTURED_VALUE name:$result type:ues.pdm115.proyectopdm115grupo3.models.UsuarioAuthResponse? visibility:public/*package*/ [final] declared in ues.pdm115.proyectopdm115grupo3.login.LoginUser.onViewCreated$lambda$5.<no name provided>' type=ues.pdm115.proyectopdm115grupo3.models.UsuarioAuthResponse? origin=null
                    receiver: GET_VAR '<this>: ues.pdm115.proyectopdm115grupo3.login.LoginUser.onViewCreated$lambda$5.<no name provided> declared in ues.pdm115.proyectopdm115grupo3.login.LoginUser.onViewCreated$lambda$5.<no name provided>.invokeSuspend' type=ues.pdm115.proyectopdm115grupo3.login.LoginUser.onViewCreated$lambda$5.<no name provided> origin=null
                CALL 'public final fun throwKotlinNothingValueException (): kotlin.Nothing declared in kotlin.jvm.internal.Intrinsics' type=kotlin.Nothing origin=null
          CALL 'public open fun setTextSize (p0: kotlin.Int, p1: kotlin.Float): kotlin.Unit declared in android.widget.TextView' type=kotlin.Unit origin=null
            $this: GET_FIELD 'FIELD IR_EXTERNAL_JAVA_DECLARATION_STUB name:txtMessage type:@[EnhancedNullability] android.widget.TextView visibility:public [final] declared in ues.pdm115.proyectopdm115grupo3.databinding.FragmentLoginUserBinding' type=@[EnhancedNullability] android.widget.TextView superQualifierSymbol=ues.pdm115.proyectopdm115grupo3.databinding.FragmentLoginUserBinding origin=null
              receiver: CALL 'public final fun access$getBinding ($this: ues.pdm115.proyectopdm115grupo3.login.LoginUser): ues.pdm115.proyectopdm115grupo3.databinding.FragmentLoginUserBinding declared in ues.pdm115.proyectopdm115grupo3.login.LoginUser' type=ues.pdm115.proyectopdm115grupo3.databinding.FragmentLoginUserBinding origin=GET_PROPERTY
                $this: GET_FIELD 'FIELD FIELD_FOR_CAPTURED_VALUE name:this$0 type:ues.pdm115.proyectopdm115grupo3.login.LoginUser visibility:public/*package*/ [final] declared in ues.pdm115.proyectopdm115grupo3.login.LoginUser.onViewCreated$lambda$5.<no name provided>' type=ues.pdm115.proyectopdm115grupo3.login.LoginUser origin=null
                  receiver: GET_VAR '<this>: ues.pdm115.proyectopdm115grupo3.login.LoginUser.onViewCreated$lambda$5.<no name provided> declared in ues.pdm115.proyectopdm115grupo3.login.LoginUser.onViewCreated$lambda$5.<no name provided>.invokeSuspend' type=ues.pdm115.proyectopdm115grupo3.login.LoginUser.onViewCreated$lambda$5.<no name provided> origin=null
            p0: CONST Int type=kotlin.Int value=2
            p1: CONST Float type=kotlin.Float value=32.0

	at org.jetbrains.kotlin.backend.jvm.codegen.FunctionCodegen.generate(FunctionCodegen.kt:47)
	at org.jetbrains.kotlin.backend.jvm.codegen.FunctionCodegen.generate$default(FunctionCodegen.kt:40)
	at org.jetbrains.kotlin.backend.jvm.codegen.ClassCodegen.generateMethodNode(ClassCodegen.kt:406)
	at org.jetbrains.kotlin.backend.jvm.codegen.ClassCodegen.generateMethod(ClassCodegen.kt:423)
	at org.jetbrains.kotlin.backend.jvm.codegen.ClassCodegen.generate(ClassCodegen.kt:168)
	at org.jetbrains.kotlin.backend.jvm.codegen.ExpressionCodegen.visitClass(ExpressionCodegen.kt:1000)
	at org.jetbrains.kotlin.backend.jvm.codegen.ExpressionCodegen.visitClass(ExpressionCodegen.kt:138)
	at org.jetbrains.kotlin.ir.declarations.IrClass.accept(IrClass.kt:72)
	at org.jetbrains.kotlin.backend.jvm.codegen.ExpressionCodegen.visitStatementContainer(ExpressionCodegen.kt:579)
	at org.jetbrains.kotlin.backend.jvm.codegen.ExpressionCodegen.visitContainerExpression(ExpressionCodegen.kt:593)
	at org.jetbrains.kotlin.backend.jvm.codegen.ExpressionCodegen.visitContainerExpression(ExpressionCodegen.kt:138)
	at org.jetbrains.kotlin.ir.visitors.IrElementVisitor$DefaultImpls.visitBlock(IrElementVisitor.kt:122)
	at org.jetbrains.kotlin.backend.jvm.codegen.ExpressionCodegen.visitBlock(ExpressionCodegen.kt:413)
	at org.jetbrains.kotlin.backend.jvm.codegen.ExpressionCodegen.visitBlock(ExpressionCodegen.kt:138)
	at org.jetbrains.kotlin.ir.expressions.IrBlock.accept(IrBlock.kt:18)
	at org.jetbrains.kotlin.backend.jvm.codegen.ExpressionCodegen.gen(ExpressionCodegen.kt:217)
	at org.jetbrains.kotlin.backend.jvm.codegen.IrCallGenerator.genValueAndPut(IrCallGenerator.kt:48)
	at org.jetbrains.kotlin.backend.jvm.codegen.ExpressionCodegen.visitCall$handleParameter(ExpressionCodegen.kt:616)
	at org.jetbrains.kotlin.backend.jvm.codegen.ExpressionCodegen.visitCall(ExpressionCodegen.kt:644)
	at org.jetbrains.kotlin.backend.jvm.codegen.ExpressionCodegen.visitCall(ExpressionCodegen.kt:138)
	at org.jetbrains.kotlin.ir.expressions.IrCall.accept(IrCall.kt:24)
	at org.jetbrains.kotlin.backend.jvm.codegen.ExpressionCodegen.visitStatementContainer(ExpressionCodegen.kt:579)
	at org.jetbrains.kotlin.backend.jvm.codegen.ExpressionCodegen.visitContainerExpression(ExpressionCodegen.kt:593)
	at org.jetbrains.kotlin.backend.jvm.codegen.ExpressionCodegen.visitContainerExpression(ExpressionCodegen.kt:138)
	at org.jetbrains.kotlin.ir.visitors.IrElementVisitor$DefaultImpls.visitComposite(IrElementVisitor.kt:125)
	at org.jetbrains.kotlin.backend.jvm.codegen.ExpressionCodegen.visitComposite(ExpressionCodegen.kt:138)
	at org.jetbrains.kotlin.backend.jvm.codegen.ExpressionCodegen.visitComposite(ExpressionCodegen.kt:138)
	at org.jetbrains.kotlin.ir.expressions.IrComposite.accept(IrComposite.kt:18)
	at org.jetbrains.kotlin.backend.jvm.codegen.ExpressionCodegen.visitStatementContainer(ExpressionCodegen.kt:579)
	at org.jetbrains.kotlin.backend.jvm.codegen.ExpressionCodegen.visitBlockBody(ExpressionCodegen.kt:584)
	at org.jetbrains.kotlin.backend.jvm.codegen.ExpressionCodegen.visitBlockBody(ExpressionCodegen.kt:138)
	at org.jetbrains.kotlin.ir.expressions.IrBlockBody.accept(IrBlockBody.kt:20)
	at org.jetbrains.kotlin.backend.jvm.codegen.ExpressionCodegen.generate(ExpressionCodegen.kt:240)
	at org.jetbrains.kotlin.backend.jvm.codegen.FunctionCodegen.doGenerate(FunctionCodegen.kt:123)
	at org.jetbrains.kotlin.backend.jvm.codegen.FunctionCodegen.generate(FunctionCodegen.kt:44)
	... 54 more
Caused by: java.lang.IllegalStateException: Fake override should have at least one overridden descriptor: FUN FAKE_OVERRIDE name:<get-mensaje> visibility:public modality:FINAL <> ($this:kotlin.Nothing) returnType:kotlin.String [fake_override]
	at org.jetbrains.kotlin.backend.jvm.ir.JvmIrUtilsKt.findSuperDeclaration(JvmIrUtils.kt:408)
	at org.jetbrains.kotlin.backend.jvm.mapping.MethodSignatureMapper.findSuperDeclaration(MethodSignatureMapper.kt:443)
	at org.jetbrains.kotlin.backend.jvm.mapping.MethodSignatureMapper.mapToCallableMethod(MethodSignatureMapper.kt:412)
	at org.jetbrains.kotlin.backend.jvm.codegen.ExpressionCodegen.visitCall(ExpressionCodegen.kt:605)
	at org.jetbrains.kotlin.backend.jvm.codegen.ExpressionCodegen.visitCall(ExpressionCodegen.kt:138)
	at org.jetbrains.kotlin.ir.expressions.IrCall.accept(IrCall.kt:24)
	at org.jetbrains.kotlin.backend.jvm.codegen.ExpressionCodegen.gen(ExpressionCodegen.kt:217)
	at org.jetbrains.kotlin.backend.jvm.codegen.IrCallGenerator.genValueAndPut(IrCallGenerator.kt:48)
	at org.jetbrains.kotlin.backend.jvm.codegen.ExpressionCodegen.visitCall$handleParameter(ExpressionCodegen.kt:616)
	at org.jetbrains.kotlin.backend.jvm.codegen.ExpressionCodegen.visitCall(ExpressionCodegen.kt:644)
	at org.jetbrains.kotlin.backend.jvm.codegen.ExpressionCodegen.visitCall(ExpressionCodegen.kt:138)
	at org.jetbrains.kotlin.ir.expressions.IrCall.accept(IrCall.kt:24)
	at org.jetbrains.kotlin.backend.jvm.codegen.ExpressionCodegen.visitStatementContainer(ExpressionCodegen.kt:579)
	at org.jetbrains.kotlin.backend.jvm.codegen.ExpressionCodegen.visitContainerExpression(ExpressionCodegen.kt:593)
	at org.jetbrains.kotlin.backend.jvm.codegen.ExpressionCodegen.visitContainerExpression(ExpressionCodegen.kt:138)
	at org.jetbrains.kotlin.ir.visitors.IrElementVisitor$DefaultImpls.visitBlock(IrElementVisitor.kt:122)
	at org.jetbrains.kotlin.backend.jvm.codegen.ExpressionCodegen.visitBlock(ExpressionCodegen.kt:413)
	at org.jetbrains.kotlin.backend.jvm.codegen.ExpressionCodegen.visitBlock(ExpressionCodegen.kt:138)
	at org.jetbrains.kotlin.ir.expressions.IrBlock.accept(IrBlock.kt:18)
	at org.jetbrains.kotlin.backend.jvm.codegen.ExpressionCodegen.visitWhen(ExpressionCodegen.kt:1101)
	at org.jetbrains.kotlin.backend.jvm.codegen.ExpressionCodegen.visitWhen(ExpressionCodegen.kt:138)
	at org.jetbrains.kotlin.ir.expressions.IrWhen.accept(IrWhen.kt:24)
	at org.jetbrains.kotlin.backend.jvm.codegen.ExpressionCodegen.visitStatementContainer(ExpressionCodegen.kt:579)
	at org.jetbrains.kotlin.backend.jvm.codegen.ExpressionCodegen.visitBlockBody(ExpressionCodegen.kt:584)
	at org.jetbrains.kotlin.backend.jvm.codegen.ExpressionCodegen.visitBlockBody(ExpressionCodegen.kt:138)
	at org.jetbrains.kotlin.ir.expressions.IrBlockBody.accept(IrBlockBody.kt:20)
	at org.jetbrains.kotlin.backend.jvm.codegen.ExpressionCodegen.generate(ExpressionCodegen.kt:240)
	at org.jetbrains.kotlin.backend.jvm.codegen.FunctionCodegen.doGenerate(FunctionCodegen.kt:123)
	at org.jetbrains.kotlin.backend.jvm.codegen.FunctionCodegen.generate(FunctionCodegen.kt:44)
	... 88 more


